<?xml version="1.0" encoding="UTF-8"?>
<!-- Generated by org.testng.reporters.JUnitReportReporter -->
<testsuite skipped="0" hostname="LTB0215499-Mac" name="common.CucumberRunner" tests="1" failures="0" timestamp="06 Nov 2020 05:05:31 GMT" time="3.643" errors="0">
  <testcase name="scenario" time="3.643" classname="common.CucumberRunner"/>
</testsuite> <!-- common.CucumberRunner -->
